<?xml version="1.0" encoding="UTF-8"?>
<testsuite xmlns:xsi="http://www.w3.org/2001/XMLSchema-instance" xsi:noNamespaceSchemaLocation="https://maven.apache.org/surefire/maven-surefire-plugin/xsd/surefire-test-report.xsd" name="MyTest" time="7.445" tests="23" errors="0" skipped="0" failures="0">
  <properties>
[...]
</properties>
  <testcase name="getUserNumbersTest" classname="MyTest" time="0.068"/>
  <testcase name="constructorTest" classname="MyTest" time="0"/>
  <testcase name="getPrizeTest" classname="MyTest" time="0.004"/>
  <testcase name="getMatchedNumbersTest" classname="MyTest" time="0.001"/>
  <testcase name="setNumSpotTest" classname="MyTest" time="0.002"/>
  <testcase name="getTotalPrizeTest" classname="MyTest" time="0.002"/>
  <testcase name="drawTest" classname="MyTest" time="0.002"/>
  <testcase name="clearUserNumbers" classname="MyTest" time="0.002"/>
  <testcase name="setNumDrawTest" classname="MyTest" time="0.002"/>
  <testcase name="getDrawnNumbersTest" classname="MyTest" time="0.002"/>
  <testcase name="matchTest" classname="MyTest" time="0.002"/>
  <testcase name="quickPickTest" classname="MyTest" time="0.003"/>
  <testcase name="getNumSpotTest" classname="MyTest" time="0.002"/>
  <testcase name="removeUserNumberTest" classname="MyTest" time="0.003"/>
  <testcase name="prizeTest1" classname="MyTest" time="0.002"/>
  <testcase name="prizeTest2" classname="MyTest" time="0.008"/>
  <testcase name="prizeTest3" classname="MyTest" time="0.773"/>
  <testcase name="prizeTest4" classname="MyTest" time="6.489"/>
  <testcase name="getNumDrawTest" classname="MyTest" time="0.001"/>
  <testcase name="resetTest" classname="MyTest" time="0.001"/>
  <testcase name="addUserNumberTest1" classname="MyTest" time="0.001"/>
  <testcase name="addUserNumberTest2" classname="MyTest" time="0.001"/>
  <testcase name="addUserNumberTest3" classname="MyTest" time="0"/>
</testsuite>